<?xml version="1.0" encoding="UTF-8" standalone="yes"?>
<doubleRangeHolder>
    <range limit1="1.1" limit2="2.2"/>
</doubleRangeHolder>