<?xml version="1.0" encoding="UTF-8" standalone="yes"?>
<servoCalibratorHolder>
    <servoCalibrator>
        <valueConverter>
            <fromRange limit1="1.1" limit2="2.2"/>
            <toRange limit1="3.3" limit2="4.4"/>
        </valueConverter>
        <speedConverter>
            <fromRange limit1="5.5" limit2="6.6"/>
            <toRange limit1="7.7" limit2="8.8"/>
        </speedConverter>
        <accelerationConverter>
            <fromRange limit1="9.9" limit2="11.11"/>
            <toRange limit1="22.22" limit2="33.33"/>
        </accelerationConverter>
    </servoCalibrator>
</servoCalibratorHolder>
