<?xml version="1.0" encoding="UTF-8" standalone="yes"?>
<servoSourceCalibratorHolder xmlns:xsi="http://www.w3.org/2001/XMLSchema-instance">
    <sourceCalibrator>
        <defaultCalibrator>
		    <valueConverter>
		        <fromRange limit1="1.1" limit2="2.2"/>
		        <toRange limit1="3.3" limit2="4.4"/>
		    </valueConverter>
	        <speedConverter>
	            <fromRange limit1="1.5" limit2="1.6"/>
	            <toRange limit1="1.7" limit2="1.8"/>
	        </speedConverter>
	        <accelerationConverter>
	            <fromRange limit1="1.9" limit2="1.11"/>
	            <toRange limit1="1.22" limit2="1.33"/>
	        </accelerationConverter>
        </defaultCalibrator>
        <perChannelCalibrators>
            <calibrator>
                <channel xsi:type="suit">HEARTS</channel>
                <valueConverter>
                    <fromRange limit1="5.5" limit2="6.6"/>
                    <toRange limit1="7.7" limit2="8.8"/>
                </valueConverter>
	            <speedConverter>
	                <toRange limit1="2.7" limit2="2.8"/>
	            </speedConverter>
	            <accelerationConverter>
	                <toRange limit1="2.22" limit2="2.33"/>
	            </accelerationConverter>
            </calibrator>
            <calibrator>
                <channel xsi:type="suit">SPADES</channel>
                <valueConverter>
                    <toRange limit1="9.9" limit2="10.1"/>
                </valueConverter>
            </calibrator>
        </perChannelCalibrators>
    </sourceCalibrator>
</servoSourceCalibratorHolder>
